Processing patient.csv
0
60000
68076
Processing admission diagnosis.csv
170000
Admission Diagnosis without Encounter ID: 450589
Processing diagnosis.csv
220000
Diagnosis without Encounter ID: 2483092
Processing treatment.csv
310000
Treatment without Encounter ID: 3372000
Accepted treatments: 316745
Filtered encounters due to duplicate codes: 0
Filtered encounters due to thresholding: 0
Average num_dx_ids: 8.253912
Average num_treatments: 7.697826
Average num_unique_dx_ids: 6.462268
Average num_unique_treatments: 5.026276
Min dx cut: 16670
Min treatment cut: 10373
Max dx cut: 1
Max treatment cut: 6
Number of readmission: 7051
Split done.: 36000
2023-04-09 06:29:18.019927: I tensorflow/stream_executor/cuda/cuda_gpu_executor.cc:937] successful NUMA node read from SysFS had negative value (-1), but there must be at least one NUMA node, so returning NUMA node zero
2023-04-09 06:29:18.056499: I tensorflow/stream_executor/cuda/cuda_gpu_executor.cc:937] successful NUMA node read from SysFS had negative value (-1), but there must be at least one NUMA node, so returning NUMA node zero
2023-04-09 06:29:18.059671: I tensorflow/stream_executor/cuda/cuda_gpu_executor.cc:937] successful NUMA node read from SysFS had negative value (-1), but there must be at least one NUMA node, so returning NUMA node zero
2023-04-09 06:29:18.062885: I tensorflow/core/platform/cpu_feature_guard.cc:142] This TensorFlow binary is optimized with oneAPI Deep Neural Network Library (oneDNN) to use the following CPU instructions in performance-critical operations:  AVX2 AVX512F FMA
To enable them in other operations, rebuild TensorFlow with the appropriate compiler flags.
2023-04-09 06:29:18.063254: I tensorflow/stream_executor/cuda/cuda_gpu_executor.cc:937] successful NUMA node read from SysFS had negative value (-1), but there must be at least one NUMA node, so returning NUMA node zero
2023-04-09 06:29:18.066397: I tensorflow/stream_executor/cuda/cuda_gpu_executor.cc:937] successful NUMA node read from SysFS had negative value (-1), but there must be at least one NUMA node, so returning NUMA node zero
2023-04-09 06:29:18.069281: I tensorflow/stream_executor/cuda/cuda_gpu_executor.cc:937] successful NUMA node read from SysFS had negative value (-1), but there must be at least one NUMA node, so returning NUMA node zero
2023-04-09 06:29:18.716440: I tensorflow/stream_executor/cuda/cuda_gpu_executor.cc:937] successful NUMA node read from SysFS had negative value (-1), but there must be at least one NUMA node, so returning NUMA node zero
2023-04-09 06:29:18.717682: I tensorflow/stream_executor/cuda/cuda_gpu_executor.cc:937] successful NUMA node read from SysFS had negative value (-1), but there must be at least one NUMA node, so returning NUMA node zero
2023-04-09 06:29:18.718775: I tensorflow/stream_executor/cuda/cuda_gpu_executor.cc:937] successful NUMA node read from SysFS had negative value (-1), but there must be at least one NUMA node, so returning NUMA node zero
2023-04-09 06:29:18.719793: I tensorflow/core/common_runtime/gpu/gpu_device.cc:1510] Created device /job:localhost/replica:0/task:0/device:GPU:0 with 13653 MB memory:  -> device: 0, name: Tesla T4, pci bus id: 0000:00:1e.0, compute capability: 7.5
2023-04-09 06:29:19.089412: I tensorflow/compiler/mlir/mlir_graph_optimization_pass.cc:185] None of the MLIR Optimization Passes are enabled (registered 2)
done0
